<?xml version="1.0" encoding="UTF-8"?>
<!-- Generated by org.testng.reporters.JUnitXMLReporter -->
<testsuite hostname="DELL-PC" name="Test" tests="11" failures="10" timestamp="29 Oct 2017 16:07:11 GMT" time="0.048" errors="0">
  <testcase name="Test1" time="0.012" classname="TestNGPac.ReRunAllFailedScript">
    <failure type="java.lang.AssertionError" message="expected [true] but found [false]">
      <![CDATA[java.lang.AssertionError: expected [true] but found [false]
	at TestNGPac.ReRunAllFailedScript.Test1(ReRunAllFailedScript.java:11)
... Removed 29 stack frames]]>
    </failure>
  </testcase> <!-- Test1 -->
  <testcase name="Test1" time="0.0" classname="TestNGPac.ReRunAllFailedScript">
    <failure type="java.lang.AssertionError" message="expected [true] but found [false]">
      <![CDATA[java.lang.AssertionError: expected [true] but found [false]
	at TestNGPac.ReRunAllFailedScript.Test1(ReRunAllFailedScript.java:11)
... Removed 29 stack frames]]>
    </failure>
  </testcase> <!-- Test1 -->
  <testcase name="Test1" time="0.001" classname="TestNGPac.ReRunAllFailedScript">
    <failure type="java.lang.AssertionError" message="expected [true] but found [false]">
      <![CDATA[java.lang.AssertionError: expected [true] but found [false]
	at TestNGPac.ReRunAllFailedScript.Test1(ReRunAllFailedScript.java:11)
... Removed 29 stack frames]]>
    </failure>
  </testcase> <!-- Test1 -->
  <testcase name="Test1" time="0.001" classname="TestNGPac.ReRunAllFailedScript">
    <failure type="java.lang.AssertionError" message="expected [true] but found [false]">
      <![CDATA[java.lang.AssertionError: expected [true] but found [false]
	at TestNGPac.ReRunAllFailedScript.Test1(ReRunAllFailedScript.java:11)
... Removed 29 stack frames]]>
    </failure>
  </testcase> <!-- Test1 -->
  <testcase name="Test1" time="0.0" classname="TestNGPac.ReRunAllFailedScript">
    <failure type="java.lang.AssertionError" message="expected [true] but found [false]">
      <![CDATA[java.lang.AssertionError: expected [true] but found [false]
	at TestNGPac.ReRunAllFailedScript.Test1(ReRunAllFailedScript.java:11)
... Removed 29 stack frames]]>
    </failure>
  </testcase> <!-- Test1 -->
  <testcase name="Test2" time="0.001" classname="TestNGPac.ReRunAllFailedScript">
    <failure type="java.lang.AssertionError" message="expected [true] but found [false]">
      <![CDATA[java.lang.AssertionError: expected [true] but found [false]
	at TestNGPac.ReRunAllFailedScript.Test2(ReRunAllFailedScript.java:18)
... Removed 29 stack frames]]>
    </failure>
  </testcase> <!-- Test2 -->
  <testcase name="Test2" time="0.001" classname="TestNGPac.ReRunAllFailedScript">
    <failure type="java.lang.AssertionError" message="expected [true] but found [false]">
      <![CDATA[java.lang.AssertionError: expected [true] but found [false]
	at TestNGPac.ReRunAllFailedScript.Test2(ReRunAllFailedScript.java:18)
... Removed 29 stack frames]]>
    </failure>
  </testcase> <!-- Test2 -->
  <testcase name="Test2" time="0.001" classname="TestNGPac.ReRunAllFailedScript">
    <failure type="java.lang.AssertionError" message="expected [true] but found [false]">
      <![CDATA[java.lang.AssertionError: expected [true] but found [false]
	at TestNGPac.ReRunAllFailedScript.Test2(ReRunAllFailedScript.java:18)
... Removed 29 stack frames]]>
    </failure>
  </testcase> <!-- Test2 -->
  <testcase name="Test2" time="0.0" classname="TestNGPac.ReRunAllFailedScript">
    <failure type="java.lang.AssertionError" message="expected [true] but found [false]">
      <![CDATA[java.lang.AssertionError: expected [true] but found [false]
	at TestNGPac.ReRunAllFailedScript.Test2(ReRunAllFailedScript.java:18)
... Removed 29 stack frames]]>
    </failure>
  </testcase> <!-- Test2 -->
  <testcase name="Test2" time="0.001" classname="TestNGPac.ReRunAllFailedScript">
    <failure type="java.lang.AssertionError" message="expected [true] but found [false]">
      <![CDATA[java.lang.AssertionError: expected [true] but found [false]
	at TestNGPac.ReRunAllFailedScript.Test2(ReRunAllFailedScript.java:18)
... Removed 29 stack frames]]>
    </failure>
  </testcase> <!-- Test2 -->
  <testcase name="Test3" time="0.001" classname="TestNGPac.ReRunAllFailedScript"/>
</testsuite> <!-- Test -->
